2025-01-16 17:51:27.316 [info] Extension host with pid 1714 started
2025-01-16 17:51:27.459 [info] ExtensionService#_doActivateExtension vscode.emmet, startup: false, activationEvent: 'onLanguage'
2025-01-16 17:51:27.461 [info] ExtensionService#_doActivateExtension vscode.git-base, startup: false, activationEvent: '*', root cause: vscode.git
2025-01-16 17:51:27.543 [info] Lock '/home/mu7s/.vscode-server/data/User/workspaceStorage/c11096f3c38dbd32576dcb4dbdc9e0fb/vscode.lock': Lock acquired.
2025-01-16 17:51:27.632 [info] ExtensionService#_doActivateExtension vscode.git, startup: false, activationEvent: '*'
2025-01-16 17:51:27.634 [info] ExtensionService#_doActivateExtension vscode.github, startup: false, activationEvent: '*'
2025-01-16 17:51:28.506 [info] Eager extensions activated
2025-01-16 17:51:28.506 [info] ExtensionService#_doActivateExtension vscode.debug-auto-launch, startup: false, activationEvent: 'onStartupFinished'
2025-01-16 17:51:28.507 [info] ExtensionService#_doActivateExtension vscode.merge-conflict, startup: false, activationEvent: 'onStartupFinished'
2025-01-16 17:53:40.770 [error] Error: connect ETIMEDOUT 20.189.173.2:443
	at TCPConnectWrap.afterConnect [as oncomplete] (node:net:1607:16)
2025-01-16 17:53:40.771 [error] Error: connect ETIMEDOUT 20.189.173.2:443
	at TCPConnectWrap.afterConnect [as oncomplete] (node:net:1607:16)
2025-01-16 17:55:57.940 [info] ExtensionService#_doActivateExtension vscode.typescript-language-features, startup: false, activationEvent: 'onLanguage:javascript'
2025-01-16 17:56:00.833 [info] ExtensionService#_doActivateExtension vscode.css-language-features, startup: false, activationEvent: 'onLanguage:css'
2025-01-16 17:56:03.269 [info] ExtensionService#_doActivateExtension vscode.html-language-features, startup: false, activationEvent: 'onLanguage:html'
2025-01-16 17:57:00.995 [info] ExtensionService#_doActivateExtension vscode.npm, startup: false, activationEvent: 'onTerminalQuickFixRequest:ms-vscode.npm-command'
2025-01-16 17:57:06.390 [info] ExtensionService#_doActivateExtension vscode.configuration-editing, startup: false, activationEvent: 'onLanguage:json'
2025-01-16 17:57:06.391 [info] ExtensionService#_doActivateExtension vscode.extension-editing, startup: false, activationEvent: 'onLanguage:json'
2025-01-16 17:57:06.391 [info] ExtensionService#_doActivateExtension vscode.json-language-features, startup: false, activationEvent: 'onLanguage:json'
2025-01-16 17:59:26.257 [info] ExtensionService#_doActivateExtension ms-python.python, startup: false, activationEvent: 'onLanguage:python', root cause: ms-python.debugpy
2025-01-16 17:59:27.331 [info] ExtensionService#_doActivateExtension ms-python.debugpy, startup: false, activationEvent: 'onLanguage:python'
2025-01-16 17:59:27.333 [info] ExtensionService#_doActivateExtension ms-python.vscode-pylance, startup: false, activationEvent: 'onLanguage:python'
2025-01-16 18:35:47.888 [info] ExtensionService#_doActivateExtension vscode.tunnel-forwarding, startup: false, activationEvent: 'onTunnel'
2025-01-16 20:09:41.815 [error] Error: getaddrinfo EAI_AGAIN mobile.events.data.microsoft.com
	at GetAddrInfoReqWrap.onlookupall [as oncomplete] (node:dns:120:26)
2025-01-16 20:09:41.952 [error] Error: getaddrinfo EAI_AGAIN mobile.events.data.microsoft.com
	at GetAddrInfoReqWrap.onlookupall [as oncomplete] (node:dns:120:26)
2025-01-16 20:09:44.448 [error] Error: getaddrinfo EAI_AGAIN mobile.events.data.microsoft.com
	at GetAddrInfoReqWrap.onlookupall [as oncomplete] (node:dns:120:26)
2025-01-16 20:09:45.308 [error] Error: getaddrinfo EAI_AGAIN mobile.events.data.microsoft.com
	at GetAddrInfoReqWrap.onlookupall [as oncomplete] (node:dns:120:26)
2025-01-16 20:10:01.007 [error] Error: getaddrinfo EAI_AGAIN mobile.events.data.microsoft.com
	at GetAddrInfoReqWrap.onlookupall [as oncomplete] (node:dns:120:26)
2025-01-16 20:10:04.182 [error] Error: getaddrinfo EAI_AGAIN mobile.events.data.microsoft.com
	at GetAddrInfoReqWrap.onlookupall [as oncomplete] (node:dns:120:26)
2025-01-17 01:31:49.665 [error] Error: getaddrinfo EAI_AGAIN mobile.events.data.microsoft.com
	at GetAddrInfoReqWrap.onlookupall [as oncomplete] (node:dns:120:26)
2025-01-17 01:31:53.293 [error] Error: getaddrinfo EAI_AGAIN mobile.events.data.microsoft.com
	at GetAddrInfoReqWrap.onlookupall [as oncomplete] (node:dns:120:26)
2025-01-17 01:32:02.221 [error] Error: getaddrinfo EAI_AGAIN mobile.events.data.microsoft.com
	at GetAddrInfoReqWrap.onlookupall [as oncomplete] (node:dns:120:26)
2025-01-17 16:12:53.289 [warning] [Decorations] CAPPING events from decorations provider vscode.git 10000
2025-01-17 16:12:55.858 [warning] [Decorations] CAPPING events from decorations provider vscode.git 10000
2025-01-17 16:15:58.314 [warning] [Decorations] CAPPING events from decorations provider vscode.git 10000
2025-01-17 16:17:48.804 [warning] [Decorations] CAPPING events from decorations provider vscode.git 10001
2025-01-17 16:21:16.407 [warning] [Decorations] CAPPING events from decorations provider vscode.git 10000
2025-01-17 16:21:36.876 [warning] [Decorations] CAPPING events from decorations provider vscode.git 10000
2025-01-17 21:21:31.920 [error] Error: getaddrinfo EAI_AGAIN mobile.events.data.microsoft.com
	at GetAddrInfoReqWrap.onlookupall [as oncomplete] (node:dns:120:26)
2025-01-17 21:21:35.544 [error] Error: getaddrinfo EAI_AGAIN mobile.events.data.microsoft.com
	at GetAddrInfoReqWrap.onlookupall [as oncomplete] (node:dns:120:26)
2025-01-18 15:55:11.838 [error] Error: getaddrinfo EAI_AGAIN mobile.events.data.microsoft.com
	at GetAddrInfoReqWrap.onlookupall [as oncomplete] (node:dns:120:26)
2025-01-18 15:55:15.384 [error] Error: getaddrinfo EAI_AGAIN mobile.events.data.microsoft.com
	at GetAddrInfoReqWrap.onlookupall [as oncomplete] (node:dns:120:26)
2025-01-18 15:55:17.586 [error] Error: getaddrinfo EAI_AGAIN mobile.events.data.microsoft.com
	at GetAddrInfoReqWrap.onlookupall [as oncomplete] (node:dns:120:26)
2025-01-18 15:55:20.849 [error] Error: getaddrinfo EAI_AGAIN mobile.events.data.microsoft.com
	at GetAddrInfoReqWrap.onlookupall [as oncomplete] (node:dns:120:26)
